Started GET "/" for 127.0.0.1 at 2022-01-20 19:37:00 -0600
  [1m[35m (1.3ms)[0m  [1m[34mSELECT sqlite_version(*)[0m
  [1m[35m (1721.0ms)[0m  [1m[35mCREATE TABLE "schema_migrations" ("version" varchar NOT NULL PRIMARY KEY)[0m
  [1m[35m (1710.4ms)[0m  [1m[35mCREATE TABLE "ar_internal_metadata" ("key" varchar NOT NULL PRIMARY KEY, "value" varchar, "created_at" datetime(6) NOT NULL, "updated_at" datetime(6) NOT NULL)[0m
  [1m[35m (0.2ms)[0m  [1m[34mSELECT "schema_migrations"."version" FROM "schema_migrations" ORDER BY "schema_migrations"."version" ASC[0m
  
ActiveRecord::PendingMigrationError (

Migrations are pending. To resolve this issue, run:

        bin/rails db:migrate RAILS_ENV=development

You have 4 pending migrations:

20220106015748_create_branches.rb
20220106020209_create_employees.rb
20220106020635_create_checks.rb
20220113010146_devise_create_users.rb


):
  
activerecord (6.1.4.4) lib/active_record/migration.rb:625:in `check_pending!'
activerecord (6.1.4.4) lib/active_record/migration.rb:590:in `block (2 levels) in call'
activesupport (6.1.4.4) lib/active_support/evented_file_update_checker.rb:59:in `execute'
activerecord (6.1.4.4) lib/active_record/migration.rb:595:in `block in call'
activerecord (6.1.4.4) lib/active_record/migration.rb:587:in `synchronize'
activerecord (6.1.4.4) lib/active_record/migration.rb:587:in `call'
actionpack (6.1.4.4) lib/action_dispatch/middleware/callbacks.rb:27:in `block in call'
activesupport (6.1.4.4) lib/active_support/callbacks.rb:98:in `run_callbacks'
actionpack (6.1.4.4) lib/action_dispatch/middleware/callbacks.rb:26:in `call'
actionpack (6.1.4.4) lib/action_dispatch/middleware/executor.rb:14:in `call'
actionpack (6.1.4.4) lib/action_dispatch/middleware/actionable_exceptions.rb:18:in `call'
actionpack (6.1.4.4) lib/action_dispatch/middleware/debug_exceptions.rb:29:in `call'
web-console (4.2.0) lib/web_console/middleware.rb:132:in `call_app'
web-console (4.2.0) lib/web_console/middleware.rb:28:in `block in call'
web-console (4.2.0) lib/web_console/middleware.rb:17:in `catch'
web-console (4.2.0) lib/web_console/middleware.rb:17:in `call'
actionpack (6.1.4.4) lib/action_dispatch/middleware/show_exceptions.rb:33:in `call'
railties (6.1.4.4) lib/rails/rack/logger.rb:37:in `call_app'
railties (6.1.4.4) lib/rails/rack/logger.rb:26:in `block in call'
activesupport (6.1.4.4) lib/active_support/tagged_logging.rb:99:in `block in tagged'
activesupport (6.1.4.4) lib/active_support/tagged_logging.rb:37:in `tagged'
activesupport (6.1.4.4) lib/active_support/tagged_logging.rb:99:in `tagged'
railties (6.1.4.4) lib/rails/rack/logger.rb:26:in `call'
sprockets-rails (3.4.2) lib/sprockets/rails/quiet_assets.rb:13:in `call'
actionpack (6.1.4.4) lib/action_dispatch/middleware/remote_ip.rb:81:in `call'
actionpack (6.1.4.4) lib/action_dispatch/middleware/request_id.rb:26:in `call'
rack (2.2.3) lib/rack/method_override.rb:24:in `call'
rack (2.2.3) lib/rack/runtime.rb:22:in `call'
activesupport (6.1.4.4) lib/active_support/cache/strategy/local_cache_middleware.rb:29:in `call'
actionpack (6.1.4.4) lib/action_dispatch/middleware/executor.rb:14:in `call'
actionpack (6.1.4.4) lib/action_dispatch/middleware/static.rb:24:in `call'
rack (2.2.3) lib/rack/sendfile.rb:110:in `call'
actionpack (6.1.4.4) lib/action_dispatch/middleware/host_authorization.rb:119:in `call'
rack-mini-profiler (2.3.3) lib/mini_profiler/profiler.rb:393:in `call'
webpacker (5.4.3) lib/webpacker/dev_server_proxy.rb:25:in `perform_request'
rack-proxy (0.7.0) lib/rack/proxy.rb:63:in `call'
railties (6.1.4.4) lib/rails/engine.rb:539:in `call'
puma (5.5.2) lib/puma/configuration.rb:249:in `call'
puma (5.5.2) lib/puma/request.rb:77:in `block in handle_request'
puma (5.5.2) lib/puma/thread_pool.rb:340:in `with_force_shutdown'
puma (5.5.2) lib/puma/request.rb:76:in `handle_request'
puma (5.5.2) lib/puma/server.rb:447:in `process_client'
puma (5.5.2) lib/puma/thread_pool.rb:147:in `block in spawn_thread'
Started POST "/rails/actions" for 127.0.0.1 at 2022-01-20 19:37:12 -0600
  [1m[35m (0.1ms)[0m  [1m[34mSELECT "schema_migrations"."version" FROM "schema_migrations" ORDER BY "schema_migrations"."version" ASC[0m
Migrating to CreateBranches (20220106015748)
  [1m[36mTRANSACTION (0.1ms)[0m  [1m[36mbegin transaction[0m
  [1m[35m (0.4ms)[0m  [1m[35mCREATE TABLE "branches" ("id" integer PRIMARY KEY AUTOINCREMENT NOT NULL, "name" varchar, "direction" varchar, "created_at" datetime(6) NOT NULL, "updated_at" datetime(6) NOT NULL)[0m
  [1m[36mActiveRecord::SchemaMigration Create (0.2ms)[0m  [1m[32mINSERT INTO "schema_migrations" ("version") VALUES (?)[0m  [["version", "20220106015748"]]
  [1m[36mTRANSACTION (120.4ms)[0m  [1m[36mcommit transaction[0m
Migrating to CreateEmployees (20220106020209)
  [1m[36mTRANSACTION (0.1ms)[0m  [1m[36mbegin transaction[0m
  [1m[35m (0.4ms)[0m  [1m[35mCREATE TABLE "employees" ("id" integer PRIMARY KEY AUTOINCREMENT NOT NULL, "name" varchar, "position" varchar, "email" varchar, "active" boolean, "branch_id" integer NOT NULL, "created_at" datetime(6) NOT NULL, "updated_at" datetime(6) NOT NULL, CONSTRAINT "fk_rails_8604ac23f2"
FOREIGN KEY ("branch_id")
  REFERENCES "branches" ("id")
)[0m
  [1m[35m (0.2ms)[0m  [1m[35mCREATE INDEX "index_employees_on_branch_id" ON "employees" ("branch_id")[0m
  [1m[36mActiveRecord::SchemaMigration Create (0.2ms)[0m  [1m[32mINSERT INTO "schema_migrations" ("version") VALUES (?)[0m  [["version", "20220106020209"]]
  [1m[36mTRANSACTION (122.3ms)[0m  [1m[36mcommit transaction[0m
Migrating to CreateChecks (20220106020635)
  [1m[36mTRANSACTION (0.1ms)[0m  [1m[36mbegin transaction[0m
  [1m[35m (0.3ms)[0m  [1m[35mCREATE TABLE "checks" ("id" integer PRIMARY KEY AUTOINCREMENT NOT NULL, "entrance" datetime, "out" datetime, "employee_id" integer NOT NULL, "created_at" datetime(6) NOT NULL, "updated_at" datetime(6) NOT NULL, CONSTRAINT "fk_rails_3a590d321c"
FOREIGN KEY ("employee_id")
  REFERENCES "employees" ("id")
)[0m
  [1m[35m (0.2ms)[0m  [1m[35mCREATE INDEX "index_checks_on_employee_id" ON "checks" ("employee_id")[0m
  [1m[36mActiveRecord::SchemaMigration Create (0.2ms)[0m  [1m[32mINSERT INTO "schema_migrations" ("version") VALUES (?)[0m  [["version", "20220106020635"]]
  [1m[36mTRANSACTION (122.6ms)[0m  [1m[36mcommit transaction[0m
Migrating to DeviseCreateUsers (20220113010146)
  [1m[36mTRANSACTION (0.1ms)[0m  [1m[36mbegin transaction[0m
  [1m[35m (0.4ms)[0m  [1m[35mCREATE TABLE "users" ("id" integer PRIMARY KEY AUTOINCREMENT NOT NULL, "email" varchar DEFAULT '' NOT NULL, "encrypted_password" varchar DEFAULT '' NOT NULL, "reset_password_token" varchar, "reset_password_sent_at" datetime, "remember_created_at" datetime, "created_at" datetime(6) NOT NULL, "updated_at" datetime(6) NOT NULL)[0m
  [1m[35m (0.2ms)[0m  [1m[35mCREATE UNIQUE INDEX "index_users_on_email" ON "users" ("email")[0m
  [1m[35m (0.1ms)[0m  [1m[35mCREATE UNIQUE INDEX "index_users_on_reset_password_token" ON "users" ("reset_password_token")[0m
  [1m[36mActiveRecord::SchemaMigration Create (0.2ms)[0m  [1m[32mINSERT INTO "schema_migrations" ("version") VALUES (?)[0m  [["version", "20220113010146"]]
  [1m[36mTRANSACTION (153.7ms)[0m  [1m[36mcommit transaction[0m
  [1m[36mActiveRecord::InternalMetadata Load (0.2ms)[0m  [1m[34mSELECT "ar_internal_metadata".* FROM "ar_internal_metadata" WHERE "ar_internal_metadata"."key" = ? LIMIT ?[0m  [["key", "environment"], ["LIMIT", 1]]
  [1m[36mTRANSACTION (0.1ms)[0m  [1m[36mbegin transaction[0m
  [1m[36mActiveRecord::InternalMetadata Create (0.2ms)[0m  [1m[32mINSERT INTO "ar_internal_metadata" ("key", "value", "created_at", "updated_at") VALUES (?, ?, ?, ?)[0m  [["key", "environment"], ["value", "development"], ["created_at", "2022-01-21 01:37:12.926755"], ["updated_at", "2022-01-21 01:37:12.926755"]]
  [1m[36mTRANSACTION (64.3ms)[0m  [1m[36mcommit transaction[0m
  [1m[35m (0.1ms)[0m  [1m[34mSELECT "schema_migrations"."version" FROM "schema_migrations" ORDER BY "schema_migrations"."version" ASC[0m
Started GET "/" for 127.0.0.1 at 2022-01-20 19:37:13 -0600
  [1m[35m (0.1ms)[0m  [1m[34mSELECT sqlite_version(*)[0m
  [1m[35m (0.1ms)[0m  [1m[34mSELECT "schema_migrations"."version" FROM "schema_migrations" ORDER BY "schema_migrations"."version" ASC[0m
Processing by IndexController#index as HTML
  [1m[36mCheck Load (0.1ms)[0m  [1m[34mSELECT "checks".* FROM "checks" WHERE "checks"."out" IS NULL AND "checks"."employee_id" IS NULL LIMIT ?[0m  [["LIMIT", 1]]
  ↳ app/controllers/index_controller.rb:15:in `index'
  Rendering layout layouts/application.html.erb
  Rendering index/index.html.erb within layouts/application
[Webpacker] Compiling...
[Webpacker] Compilation failed:
yarn run v1.22.17
info Visit https://yarnpkg.com/en/docs/cli/run for documentation about this command.


error Command "webpack" not found.

  Rendered index/index.html.erb within layouts/application (Duration: 983.2ms | Allocations: 25484)
  Rendered layout layouts/application.html.erb (Duration: 983.4ms | Allocations: 25559)
Completed 500 Internal Server Error in 1034ms (ActiveRecord: 0.8ms | Allocations: 41935)


  
ActionView::Template::Error (Webpacker can't find timer-script.js in /home/mantequilla/forks/kata-07-reloj-checador-k7-n21-t1/public/packs/manifest.json. Possible causes:
1. You want to set webpacker.yml value of compile to true for your environment
   unless you are using the `webpack -w` or the webpack-dev-server.
2. webpack has not yet re-run to reflect updates.
3. You have misconfigured Webpacker's config/webpacker.yml file.
4. Your webpack configuration is not creating a manifest.
Your manifest contains:
{
}
):
    48:     </div>
    49:   </div>
    50: </div>
    51: <%= javascript_pack_tag 'timer-script' %>
  
app/views/index/index.html.erb:51
Started GET "/" for 127.0.0.1 at 2022-01-20 19:38:45 -0600
  [1m[35m (0.6ms)[0m  [1m[34mSELECT sqlite_version(*)[0m
  [1m[35m (0.2ms)[0m  [1m[34mSELECT "schema_migrations"."version" FROM "schema_migrations" ORDER BY "schema_migrations"."version" ASC[0m
Processing by IndexController#index as HTML
  [1m[36mCheck Load (0.1ms)[0m  [1m[34mSELECT "checks".* FROM "checks" WHERE "checks"."out" IS NULL AND "checks"."employee_id" IS NULL LIMIT ?[0m  [["LIMIT", 1]]
  ↳ app/controllers/index_controller.rb:15:in `index'
  Rendering layout layouts/application.html.erb
  Rendering index/index.html.erb within layouts/application
[Webpacker] Compiling...
[Webpacker] Compiled all packs in /home/mantequilla/forks/kata-07-reloj-checador-k7-n21-t1/public/packs
[Webpacker] Hash: c0cec525c533fcecded2
Version: webpack 4.46.0
Time: 1976ms
Built at: 01/20/2022 7:38:48 PM
                                      Asset       Size        Chunks                         Chunk Names
     js/application-3dd0dc24d9c39bc09227.js    125 KiB   application  [emitted] [immutable]  application
 js/application-3dd0dc24d9c39bc09227.js.map    139 KiB   application  [emitted] [dev]        application
    js/timer-script-3f3cf9bcff746dfcf7db.js   4.61 KiB  timer-script  [emitted] [immutable]  timer-script
js/timer-script-3f3cf9bcff746dfcf7db.js.map   4.51 KiB  timer-script  [emitted] [dev]        timer-script
                              manifest.json  710 bytes                [emitted]              
Entrypoint application = js/application-3dd0dc24d9c39bc09227.js js/application-3dd0dc24d9c39bc09227.js.map
Entrypoint timer-script = js/timer-script-3f3cf9bcff746dfcf7db.js js/timer-script-3f3cf9bcff746dfcf7db.js.map
[./app/javascript/channels sync recursive _channel\.js$] ./app/javascript/channels sync _channel\.js$ 160 bytes {application} [built]
[./app/javascript/channels/index.js] 211 bytes {application} [built]
[./app/javascript/packs/application.js] 492 bytes {application} [built]
[./app/javascript/packs/timer-script.js] 728 bytes {timer-script} [built]
[./node_modules/webpack/buildin/module.js] (webpack)/buildin/module.js 552 bytes {application} [built]
    + 3 hidden modules

  Rendered index/index.html.erb within layouts/application (Duration: 3478.5ms | Allocations: 10192)
  Rendered layout layouts/application.html.erb (Duration: 3499.7ms | Allocations: 16962)
Completed 200 OK in 3542ms (Views: 3502.9ms | ActiveRecord: 0.7ms | Allocations: 34378)


Started GET "/users/sign_in" for 127.0.0.1 at 2022-01-20 19:38:54 -0600
Processing by Devise::SessionsController#new as HTML
  Rendering layout layouts/application.html.erb
  Rendering devise/sessions/new.html.erb within layouts/application
  Rendered devise/shared/_links.html.erb (Duration: 1.6ms | Allocations: 704)
  Rendered devise/sessions/new.html.erb within layouts/application (Duration: 89.7ms | Allocations: 9843)
  Rendered layout layouts/application.html.erb (Duration: 91.7ms | Allocations: 11419)
Completed 200 OK in 106ms (Views: 94.0ms | ActiveRecord: 0.5ms | Allocations: 20425)


Started GET "/pages/branches" for 127.0.0.1 at 2022-01-20 19:39:06 -0600
Processing by PagesController#branches as HTML
Completed 401 Unauthorized in 1ms (ActiveRecord: 0.0ms | Allocations: 428)


Started GET "/users/sign_in" for 127.0.0.1 at 2022-01-20 19:39:06 -0600
Processing by Devise::SessionsController#new as HTML
  Rendering layout layouts/application.html.erb
  Rendering devise/sessions/new.html.erb within layouts/application
  Rendered devise/shared/_links.html.erb (Duration: 0.5ms | Allocations: 165)
  Rendered devise/sessions/new.html.erb within layouts/application (Duration: 5.5ms | Allocations: 1878)
  Rendered layout layouts/application.html.erb (Duration: 7.4ms | Allocations: 3346)
Completed 200 OK in 10ms (Views: 8.2ms | ActiveRecord: 0.0ms | Allocations: 4098)


Started GET "/" for 127.0.0.1 at 2022-01-20 19:39:09 -0600
Processing by IndexController#index as HTML
  [1m[36mCheck Load (0.1ms)[0m  [1m[34mSELECT "checks".* FROM "checks" WHERE "checks"."out" IS NULL AND "checks"."employee_id" IS NULL LIMIT ?[0m  [["LIMIT", 1]]
  ↳ app/controllers/index_controller.rb:15:in `index'
  Rendering layout layouts/application.html.erb
  Rendering index/index.html.erb within layouts/application
[Webpacker] Everything's up-to-date. Nothing to do
  Rendered index/index.html.erb within layouts/application (Duration: 4.1ms | Allocations: 3126)
  Rendered layout layouts/application.html.erb (Duration: 18.3ms | Allocations: 4580)
Completed 200 OK in 22ms (Views: 18.9ms | ActiveRecord: 0.1ms | Allocations: 7063)


Started GET "/" for 127.0.0.1 at 2022-01-20 19:56:50 -0600
  [1m[35m (0.5ms)[0m  [1m[34mSELECT sqlite_version(*)[0m
  [1m[35m (0.2ms)[0m  [1m[34mSELECT "schema_migrations"."version" FROM "schema_migrations" ORDER BY "schema_migrations"."version" ASC[0m
Processing by IndexController#index as HTML
  [1m[36mCheck Load (0.1ms)[0m  [1m[34mSELECT "checks".* FROM "checks" WHERE "checks"."out" IS NULL AND "checks"."employee_id" IS NULL LIMIT ?[0m  [["LIMIT", 1]]
  ↳ app/controllers/index_controller.rb:15:in `index'
  Rendering layout layouts/application.html.erb
  Rendering index/index.html.erb within layouts/application
[Webpacker] Everything's up-to-date. Nothing to do
  Rendered index/index.html.erb within layouts/application (Duration: 13.9ms | Allocations: 8972)
  Rendered layout layouts/application.html.erb (Duration: 16.9ms | Allocations: 10926)
Completed 200 OK in 58ms (Views: 20.4ms | ActiveRecord: 0.6ms | Allocations: 25683)


Started GET "/users/sign_in" for 127.0.0.1 at 2022-01-20 19:56:52 -0600
Processing by Devise::SessionsController#new as HTML
  Rendering layout layouts/application.html.erb
  Rendering devise/sessions/new.html.erb within layouts/application
  Rendered devise/shared/_links.html.erb (Duration: 1.1ms | Allocations: 703)
  Rendered devise/sessions/new.html.erb within layouts/application (Duration: 9.4ms | Allocations: 6228)
  Rendered layout layouts/application.html.erb (Duration: 11.3ms | Allocations: 7804)
Completed 200 OK in 23ms (Views: 14.1ms | ActiveRecord: 0.6ms | Allocations: 13905)


Started GET "/users/sign_up" for 127.0.0.1 at 2022-01-20 19:56:54 -0600
Processing by Devise::RegistrationsController#new as HTML
  Rendering layout layouts/application.html.erb
  Rendering devise/registrations/new.html.erb within layouts/application
  Rendered devise/shared/_error_messages.html.erb (Duration: 0.7ms | Allocations: 237)
  Rendered devise/shared/_links.html.erb (Duration: 0.4ms | Allocations: 159)
  Rendered devise/registrations/new.html.erb within layouts/application (Duration: 5.8ms | Allocations: 2854)
  Rendered layout layouts/application.html.erb (Duration: 7.7ms | Allocations: 4355)
Completed 200 OK in 10ms (Views: 9.6ms | ActiveRecord: 0.0ms | Allocations: 5929)


Started GET "/users/sign_in" for 127.0.0.1 at 2022-01-20 19:56:56 -0600
Processing by Devise::SessionsController#new as HTML
  Rendering layout layouts/application.html.erb
  Rendering devise/sessions/new.html.erb within layouts/application
  Rendered devise/shared/_links.html.erb (Duration: 0.3ms | Allocations: 163)
  Rendered devise/sessions/new.html.erb within layouts/application (Duration: 3.4ms | Allocations: 1734)
  Rendered layout layouts/application.html.erb (Duration: 5.4ms | Allocations: 3186)
Completed 200 OK in 7ms (Views: 6.0ms | ActiveRecord: 0.0ms | Allocations: 3961)


Started GET "/" for 127.0.0.1 at 2022-01-20 19:56:57 -0600
Processing by IndexController#index as HTML
  [1m[36mCheck Load (0.1ms)[0m  [1m[34mSELECT "checks".* FROM "checks" WHERE "checks"."out" IS NULL AND "checks"."employee_id" IS NULL LIMIT ?[0m  [["LIMIT", 1]]
  ↳ app/controllers/index_controller.rb:15:in `index'
  Rendering layout layouts/application.html.erb
  Rendering index/index.html.erb within layouts/application
[Webpacker] Everything's up-to-date. Nothing to do
  Rendered index/index.html.erb within layouts/application (Duration: 5.8ms | Allocations: 3131)
  Rendered layout layouts/application.html.erb (Duration: 7.9ms | Allocations: 4580)
Completed 200 OK in 13ms (Views: 8.6ms | ActiveRecord: 0.1ms | Allocations: 7062)


